<?xml version="1.0" encoding="UTF-8"?>
<testsuite xmlns:xsi="http://www.w3.org/2001/XMLSchema-instance" xsi:noNamespaceSchemaLocation="https://maven.apache.org/surefire/maven-surefire-plugin/xsd/surefire-test-report-3.0.xsd" version="3.0" name="TestSuite" time="1.756" tests="42" errors="0" skipped="28" failures="14">
  <properties>
    <property name="sun.desktop" value="windows"/>
    <property name="awt.toolkit" value="sun.awt.windows.WToolkit"/>
    <property name="file.encoding.pkg" value="sun.io"/>
    <property name="java.specification.version" value="1.8"/>
    <property name="sun.cpu.isalist" value="amd64"/>
    <property name="sun.jnu.encoding" value="Cp1252"/>
    <property name="java.class.path" value="C:\Users\amrit\IdeaProjects\Seyo_API_Test\target\test-classes;C:\Users\amrit\IdeaProjects\Seyo_API_Test\target\classes;C:\Users\amrit\.m2\repository\io\rest-assured\rest-assured\4.4.0\rest-assured-4.4.0.jar;C:\Users\amrit\.m2\repository\org\codehaus\groovy\groovy\3.0.8\groovy-3.0.8.jar;C:\Users\amrit\.m2\repository\org\codehaus\groovy\groovy-xml\3.0.8\groovy-xml-3.0.8.jar;C:\Users\amrit\.m2\repository\org\apache\httpcomponents\httpclient\4.5.13\httpclient-4.5.13.jar;C:\Users\amrit\.m2\repository\org\apache\httpcomponents\httpcore\4.4.13\httpcore-4.4.13.jar;C:\Users\amrit\.m2\repository\commons-logging\commons-logging\1.2\commons-logging-1.2.jar;C:\Users\amrit\.m2\repository\commons-codec\commons-codec\1.11\commons-codec-1.11.jar;C:\Users\amrit\.m2\repository\org\apache\httpcomponents\httpmime\4.5.13\httpmime-4.5.13.jar;C:\Users\amrit\.m2\repository\org\hamcrest\hamcrest\2.1\hamcrest-2.1.jar;C:\Users\amrit\.m2\repository\org\ccil\cowan\tagsoup\tagsoup\1.2.1\tagsoup-1.2.1.jar;C:\Users\amrit\.m2\repository\io\rest-assured\json-path\4.4.0\json-path-4.4.0.jar;C:\Users\amrit\.m2\repository\org\codehaus\groovy\groovy-json\3.0.8\groovy-json-3.0.8.jar;C:\Users\amrit\.m2\repository\io\rest-assured\rest-assured-common\4.4.0\rest-assured-common-4.4.0.jar;C:\Users\amrit\.m2\repository\io\rest-assured\xml-path\4.4.0\xml-path-4.4.0.jar;C:\Users\amrit\.m2\repository\org\apache\commons\commons-lang3\3.11\commons-lang3-3.11.jar;C:\Users\amrit\.m2\repository\jakarta\xml\bind\jakarta.xml.bind-api\2.3.3\jakarta.xml.bind-api-2.3.3.jar;C:\Users\amrit\.m2\repository\jakarta\activation\jakarta.activation-api\1.2.2\jakarta.activation-api-1.2.2.jar;C:\Users\amrit\.m2\repository\com\sun\xml\bind\jaxb-impl\2.3.3\jaxb-impl-2.3.3.jar;C:\Users\amrit\.m2\repository\org\testng\testng\7.4.0\testng-7.4.0.jar;C:\Users\amrit\.m2\repository\com\beust\jcommander\1.78\jcommander-1.78.jar;C:\Users\amrit\.m2\repository\org\webjars\jquery\3.5.1\jquery-3.5.1.jar;C:\Users\amrit\.m2\repository\org\hamcrest\hamcrest-all\1.3\hamcrest-all-1.3.jar;C:\Users\amrit\.m2\repository\io\cucumber\cucumber-java\6.9.1\cucumber-java-6.9.1.jar;C:\Users\amrit\.m2\repository\org\apiguardian\apiguardian-api\1.1.0\apiguardian-api-1.1.0.jar;C:\Users\amrit\.m2\repository\io\cucumber\cucumber-testng\6.9.1\cucumber-testng-6.9.1.jar;C:\Users\amrit\.m2\repository\io\cucumber\cucumber-junit\6.9.1\cucumber-junit-6.9.1.jar;C:\Users\amrit\.m2\repository\junit\junit\4.13.1\junit-4.13.1.jar;C:\Users\amrit\.m2\repository\org\hamcrest\hamcrest-core\1.3\hamcrest-core-1.3.jar;C:\Users\amrit\.m2\repository\io\cucumber\cucumber-picocontainer\6.9.1\cucumber-picocontainer-6.9.1.jar;C:\Users\amrit\.m2\repository\org\picocontainer\picocontainer\2.15\picocontainer-2.15.jar;C:\Users\amrit\.m2\repository\io\cucumber\cucumber-core\6.9.1\cucumber-core-6.9.1.jar;C:\Users\amrit\.m2\repository\io\cucumber\cucumber-gherkin\6.9.1\cucumber-gherkin-6.9.1.jar;C:\Users\amrit\.m2\repository\io\cucumber\cucumber-gherkin-messages\6.9.1\cucumber-gherkin-messages-6.9.1.jar;C:\Users\amrit\.m2\repository\io\cucumber\messages\13.2.1\messages-13.2.1.jar;C:\Users\amrit\.m2\repository\io\cucumber\tag-expressions\3.0.0\tag-expressions-3.0.0.jar;C:\Users\amrit\.m2\repository\io\cucumber\cucumber-expressions\10.3.0\cucumber-expressions-10.3.0.jar;C:\Users\amrit\.m2\repository\io\cucumber\datatable\3.5.0\datatable-3.5.0.jar;C:\Users\amrit\.m2\repository\io\cucumber\cucumber-plugin\6.9.1\cucumber-plugin-6.9.1.jar;C:\Users\amrit\.m2\repository\io\cucumber\docstring\6.9.1\docstring-6.9.1.jar;C:\Users\amrit\.m2\repository\io\cucumber\html-formatter\9.0.0\html-formatter-9.0.0.jar;C:\Users\amrit\.m2\repository\io\cucumber\create-meta\2.0.4\create-meta-2.0.4.jar;C:\Users\amrit\.m2\repository\org\apache\commons\commons-exec\1.3\commons-exec-1.3.jar;C:\Users\amrit\.m2\repository\com\relevantcodes\extentreports\2.41.2\extentreports-2.41.2.jar;C:\Users\amrit\.m2\repository\org\jsoup\jsoup\1.8.3\jsoup-1.8.3.jar;C:\Users\amrit\.m2\repository\org\xerial\sqlite-jdbc\3.8.11.1\sqlite-jdbc-3.8.11.1.jar;C:\Users\amrit\.m2\repository\org\freemarker\freemarker\2.3.23\freemarker-2.3.23.jar;C:\Users\amrit\.m2\repository\org\mongodb\mongodb-driver\3.0.4\mongodb-driver-3.0.4.jar;C:\Users\amrit\.m2\repository\org\mongodb\bson\3.0.4\bson-3.0.4.jar;C:\Users\amrit\.m2\repository\org\mongodb\mongodb-driver-core\3.0.4\mongodb-driver-core-3.0.4.jar;"/>
    <property name="java.vm.vendor" value="Oracle Corporation"/>
    <property name="sun.arch.data.model" value="64"/>
    <property name="user.variant" value=""/>
    <property name="java.vendor.url" value="http://java.oracle.com/"/>
    <property name="user.timezone" value="Europe/London"/>
    <property name="java.vm.specification.version" value="1.8"/>
    <property name="os.name" value="Windows 10"/>
    <property name="user.country" value="GB"/>
    <property name="sun.java.launcher" value="SUN_STANDARD"/>
    <property name="sun.boot.library.path" value="C:\Program Files\Java\jdk1.8.0_291\jre\bin"/>
    <property name="sun.java.command" value="C:\Users\amrit\AppData\Local\Temp\surefire3744212129127178563\surefirebooter7137393191230691303.jar C:\Users\amrit\AppData\Local\Temp\surefire3744212129127178563 2021-09-15T23-42-57_047-jvmRun1 surefire4189783052625473766tmp surefire_06384543894940460207tmp"/>
    <property name="surefire.test.class.path" value="C:\Users\amrit\IdeaProjects\Seyo_API_Test\target\test-classes;C:\Users\amrit\IdeaProjects\Seyo_API_Test\target\classes;C:\Users\amrit\.m2\repository\io\rest-assured\rest-assured\4.4.0\rest-assured-4.4.0.jar;C:\Users\amrit\.m2\repository\org\codehaus\groovy\groovy\3.0.8\groovy-3.0.8.jar;C:\Users\amrit\.m2\repository\org\codehaus\groovy\groovy-xml\3.0.8\groovy-xml-3.0.8.jar;C:\Users\amrit\.m2\repository\org\apache\httpcomponents\httpclient\4.5.13\httpclient-4.5.13.jar;C:\Users\amrit\.m2\repository\org\apache\httpcomponents\httpcore\4.4.13\httpcore-4.4.13.jar;C:\Users\amrit\.m2\repository\commons-logging\commons-logging\1.2\commons-logging-1.2.jar;C:\Users\amrit\.m2\repository\commons-codec\commons-codec\1.11\commons-codec-1.11.jar;C:\Users\amrit\.m2\repository\org\apache\httpcomponents\httpmime\4.5.13\httpmime-4.5.13.jar;C:\Users\amrit\.m2\repository\org\hamcrest\hamcrest\2.1\hamcrest-2.1.jar;C:\Users\amrit\.m2\repository\org\ccil\cowan\tagsoup\tagsoup\1.2.1\tagsoup-1.2.1.jar;C:\Users\amrit\.m2\repository\io\rest-assured\json-path\4.4.0\json-path-4.4.0.jar;C:\Users\amrit\.m2\repository\org\codehaus\groovy\groovy-json\3.0.8\groovy-json-3.0.8.jar;C:\Users\amrit\.m2\repository\io\rest-assured\rest-assured-common\4.4.0\rest-assured-common-4.4.0.jar;C:\Users\amrit\.m2\repository\io\rest-assured\xml-path\4.4.0\xml-path-4.4.0.jar;C:\Users\amrit\.m2\repository\org\apache\commons\commons-lang3\3.11\commons-lang3-3.11.jar;C:\Users\amrit\.m2\repository\jakarta\xml\bind\jakarta.xml.bind-api\2.3.3\jakarta.xml.bind-api-2.3.3.jar;C:\Users\amrit\.m2\repository\jakarta\activation\jakarta.activation-api\1.2.2\jakarta.activation-api-1.2.2.jar;C:\Users\amrit\.m2\repository\com\sun\xml\bind\jaxb-impl\2.3.3\jaxb-impl-2.3.3.jar;C:\Users\amrit\.m2\repository\org\testng\testng\7.4.0\testng-7.4.0.jar;C:\Users\amrit\.m2\repository\com\beust\jcommander\1.78\jcommander-1.78.jar;C:\Users\amrit\.m2\repository\org\webjars\jquery\3.5.1\jquery-3.5.1.jar;C:\Users\amrit\.m2\repository\org\hamcrest\hamcrest-all\1.3\hamcrest-all-1.3.jar;C:\Users\amrit\.m2\repository\io\cucumber\cucumber-java\6.9.1\cucumber-java-6.9.1.jar;C:\Users\amrit\.m2\repository\org\apiguardian\apiguardian-api\1.1.0\apiguardian-api-1.1.0.jar;C:\Users\amrit\.m2\repository\io\cucumber\cucumber-testng\6.9.1\cucumber-testng-6.9.1.jar;C:\Users\amrit\.m2\repository\io\cucumber\cucumber-junit\6.9.1\cucumber-junit-6.9.1.jar;C:\Users\amrit\.m2\repository\junit\junit\4.13.1\junit-4.13.1.jar;C:\Users\amrit\.m2\repository\org\hamcrest\hamcrest-core\1.3\hamcrest-core-1.3.jar;C:\Users\amrit\.m2\repository\io\cucumber\cucumber-picocontainer\6.9.1\cucumber-picocontainer-6.9.1.jar;C:\Users\amrit\.m2\repository\org\picocontainer\picocontainer\2.15\picocontainer-2.15.jar;C:\Users\amrit\.m2\repository\io\cucumber\cucumber-core\6.9.1\cucumber-core-6.9.1.jar;C:\Users\amrit\.m2\repository\io\cucumber\cucumber-gherkin\6.9.1\cucumber-gherkin-6.9.1.jar;C:\Users\amrit\.m2\repository\io\cucumber\cucumber-gherkin-messages\6.9.1\cucumber-gherkin-messages-6.9.1.jar;C:\Users\amrit\.m2\repository\io\cucumber\messages\13.2.1\messages-13.2.1.jar;C:\Users\amrit\.m2\repository\io\cucumber\tag-expressions\3.0.0\tag-expressions-3.0.0.jar;C:\Users\amrit\.m2\repository\io\cucumber\cucumber-expressions\10.3.0\cucumber-expressions-10.3.0.jar;C:\Users\amrit\.m2\repository\io\cucumber\datatable\3.5.0\datatable-3.5.0.jar;C:\Users\amrit\.m2\repository\io\cucumber\cucumber-plugin\6.9.1\cucumber-plugin-6.9.1.jar;C:\Users\amrit\.m2\repository\io\cucumber\docstring\6.9.1\docstring-6.9.1.jar;C:\Users\amrit\.m2\repository\io\cucumber\html-formatter\9.0.0\html-formatter-9.0.0.jar;C:\Users\amrit\.m2\repository\io\cucumber\create-meta\2.0.4\create-meta-2.0.4.jar;C:\Users\amrit\.m2\repository\org\apache\commons\commons-exec\1.3\commons-exec-1.3.jar;C:\Users\amrit\.m2\repository\com\relevantcodes\extentreports\2.41.2\extentreports-2.41.2.jar;C:\Users\amrit\.m2\repository\org\jsoup\jsoup\1.8.3\jsoup-1.8.3.jar;C:\Users\amrit\.m2\repository\org\xerial\sqlite-jdbc\3.8.11.1\sqlite-jdbc-3.8.11.1.jar;C:\Users\amrit\.m2\repository\org\freemarker\freemarker\2.3.23\freemarker-2.3.23.jar;C:\Users\amrit\.m2\repository\org\mongodb\mongodb-driver\3.0.4\mongodb-driver-3.0.4.jar;C:\Users\amrit\.m2\repository\org\mongodb\bson\3.0.4\bson-3.0.4.jar;C:\Users\amrit\.m2\repository\org\mongodb\mongodb-driver-core\3.0.4\mongodb-driver-core-3.0.4.jar;"/>
    <property name="sun.cpu.endian" value="little"/>
    <property name="user.home" value="C:\Users\amrit"/>
    <property name="user.language" value="en"/>
    <property name="java.specification.vendor" value="Oracle Corporation"/>
    <property name="java.home" value="C:\Program Files\Java\jdk1.8.0_291\jre"/>
    <property name="basedir" value="C:\Users\amrit\IdeaProjects\Seyo_API_Test"/>
    <property name="file.separator" value="\"/>
    <property name="line.separator" value="&#10;"/>
    <property name="java.vm.specification.vendor" value="Oracle Corporation"/>
    <property name="java.specification.name" value="Java Platform API Specification"/>
    <property name="java.awt.graphicsenv" value="sun.awt.Win32GraphicsEnvironment"/>
    <property name="surefire.real.class.path" value="C:\Users\amrit\AppData\Local\Temp\surefire3744212129127178563\surefirebooter7137393191230691303.jar"/>
    <property name="sun.boot.class.path" value="C:\Program Files\Java\jdk1.8.0_291\jre\lib\resources.jar;C:\Program Files\Java\jdk1.8.0_291\jre\lib\rt.jar;C:\Program Files\Java\jdk1.8.0_291\jre\lib\sunrsasign.jar;C:\Program Files\Java\jdk1.8.0_291\jre\lib\jsse.jar;C:\Program Files\Java\jdk1.8.0_291\jre\lib\jce.jar;C:\Program Files\Java\jdk1.8.0_291\jre\lib\charsets.jar;C:\Program Files\Java\jdk1.8.0_291\jre\lib\jfr.jar;C:\Program Files\Java\jdk1.8.0_291\jre\classes"/>
    <property name="user.script" value=""/>
    <property name="sun.management.compiler" value="HotSpot 64-Bit Tiered Compilers"/>
    <property name="java.runtime.version" value="1.8.0_291-b10"/>
    <property name="user.name" value="amrit"/>
    <property name="path.separator" value=";"/>
    <property name="os.version" value="10.0"/>
    <property name="java.endorsed.dirs" value="C:\Program Files\Java\jdk1.8.0_291\jre\lib\endorsed"/>
    <property name="java.runtime.name" value="Java(TM) SE Runtime Environment"/>
    <property name="file.encoding" value="Cp1252"/>
    <property name="java.vm.name" value="Java HotSpot(TM) 64-Bit Server VM"/>
    <property name="localRepository" value="C:\Users\amrit\.m2\repository"/>
    <property name="java.vendor.url.bug" value="http://bugreport.sun.com/bugreport/"/>
    <property name="java.io.tmpdir" value="C:\Users\amrit\AppData\Local\Temp\"/>
    <property name="java.version" value="1.8.0_291"/>
    <property name="user.dir" value="C:\Users\amrit\IdeaProjects\Seyo_API_Test"/>
    <property name="os.arch" value="amd64"/>
    <property name="java.vm.specification.name" value="Java Virtual Machine Specification"/>
    <property name="java.awt.printerjob" value="sun.awt.windows.WPrinterJob"/>
    <property name="sun.os.patch.level" value=""/>
    <property name="java.library.path" value="C:\Program Files\Java\jdk1.8.0_291\jre\bin;C:\WINDOWS\Sun\Java\bin;C:\WINDOWS\system32;C:\WINDOWS;C:\WINDOWS\system32;C:\WINDOWS;C:\WINDOWS\System32\Wbem;C:\WINDOWS\System32\WindowsPowerShell\v1.0\;C:\WINDOWS\System32\OpenSSH\;C:\Program Files\nodejs\;C:\Program Files\Docker\Docker\resources\bin;C:\ProgramData\DockerDesktop\version-bin;C:\Program Files\Git\cmd;C:\Program Files\Amazon\AWSCLIV2\;F:\Aws screenshots\Terraform;C:\Program Files\Java\jdk1.8.0_291\bin;C:\Program Files\Kubernetes\Minikube;C:\minikube;E:\Softwares\apache-maven-3.6.3\bin;C:\Users\amrit\AppData\Local\Microsoft\WindowsApps;;C:\Users\amrit\AppData\Local\Programs\Microsoft VS Code\bin;C:\Users\amrit\AppData\Roaming\npm;."/>
    <property name="java.vm.info" value="mixed mode"/>
    <property name="java.vendor" value="Oracle Corporation"/>
    <property name="java.vm.version" value="25.291-b10"/>
    <property name="java.ext.dirs" value="C:\Program Files\Java\jdk1.8.0_291\jre\lib\ext;C:\WINDOWS\Sun\Java\lib\ext"/>
    <property name="sun.io.unicode.encoding" value="UnicodeLittle"/>
    <property name="java.class.version" value="52.0"/>
  </properties>
  <testcase name="setReporter[org.testng.TestRunner@7884031f](0)" classname="test.com.tests.cleaningsessions.PositiveTests" time="1.3">
    <failure type="java.lang.NullPointerException"><![CDATA[java.lang.NullPointerException
]]></failure>
    <system-out><![CDATA[repo object::test.com.controller.ExtentUtils@453da22c
]]></system-out>
  </testcase>
  <testcase name="testBaseCase[[Ljava.lang.String;@23367705](1)" classname="test.com.tests.cleaningsessions.PositiveTests" time="0">
    <skipped/>
  </testcase>
  <testcase name="flushReporter" classname="test.com.tests.cleaningsessions.PositiveTests" time="0">
    <skipped/>
  </testcase>
  <testcase name="flushReporter" classname="test.com.tests.cleaningsessions.PositiveTests" time="0">
    <skipped/>
  </testcase>
  <testcase name="flushReporter" classname="test.com.tests.cleaningsessions.PositiveTests" time="0">
    <skipped/>
  </testcase>
  <testcase name="flushReporter" classname="test.com.tests.cleaningsessions.PositiveTests" time="0">
    <skipped/>
  </testcase>
  <testcase name="flushReporter" classname="test.com.tests.cleaningsessions.PositiveTests" time="0">
    <skipped/>
  </testcase>
  <testcase name="setReporter[org.testng.TestRunner@2dd8444f](0)" classname="test.com.tests.cleaningsessions.PositiveTests" time="0.027">
    <failure type="java.lang.NullPointerException"><![CDATA[java.lang.NullPointerException
]]></failure>
  </testcase>
  <testcase name="testRectangularRoom[[Ljava.lang.String;@1cbfcecf](1)" classname="test.com.tests.cleaningsessions.PositiveTests" time="0">
    <skipped/>
  </testcase>
  <testcase name="setReporter[org.testng.TestRunner@66e9364d](0)" classname="test.com.tests.cleaningsessions.PositiveTests" time="0.013">
    <failure type="java.lang.NullPointerException"><![CDATA[java.lang.NullPointerException
]]></failure>
  </testcase>
  <testcase name="testRoboAtDecimalPosition[[Ljava.lang.String;@57455687](1)" classname="test.com.tests.cleaningsessions.PositiveTests" time="0">
    <skipped/>
  </testcase>
  <testcase name="setReporter[org.testng.TestRunner@35f7f732](0)" classname="test.com.tests.cleaningsessions.PositiveTests" time="0.01">
    <failure type="java.lang.NullPointerException"><![CDATA[java.lang.NullPointerException
]]></failure>
  </testcase>
  <testcase name="repeatedPatchesTest[[Ljava.lang.String;@4884225](1)" classname="test.com.tests.cleaningsessions.PositiveTests" time="0">
    <skipped/>
  </testcase>
  <testcase name="setReporter[org.testng.TestRunner@65b0e151](0)" classname="test.com.tests.cleaningsessions.PositiveTests" time="0.01">
    <failure type="java.lang.NullPointerException"><![CDATA[java.lang.NullPointerException
]]></failure>
  </testcase>
  <testcase name="decimalPatchesTest[[Ljava.lang.String;@549f431d](1)" classname="test.com.tests.cleaningsessions.PositiveTests" time="0">
    <skipped/>
  </testcase>
  <testcase name="setReporter[org.testng.TestRunner@352c6f9c](0)" classname="test.com.tests.cleaningsessions.NegativeTests" time="0.011">
    <failure type="java.lang.NullPointerException"><![CDATA[java.lang.NullPointerException
]]></failure>
  </testcase>
  <testcase name="negative_RoomSize[[Ljava.lang.String;@45319d0](1)" classname="test.com.tests.cleaningsessions.NegativeTests" time="0">
    <skipped/>
  </testcase>
  <testcase name="flushReporter" classname="test.com.tests.cleaningsessions.NegativeTests" time="0">
    <skipped/>
  </testcase>
  <testcase name="flushReporter" classname="test.com.tests.cleaningsessions.NegativeTests" time="0">
    <skipped/>
  </testcase>
  <testcase name="flushReporter" classname="test.com.tests.cleaningsessions.NegativeTests" time="0">
    <skipped/>
  </testcase>
  <testcase name="flushReporter" classname="test.com.tests.cleaningsessions.NegativeTests" time="0">
    <skipped/>
  </testcase>
  <testcase name="flushReporter" classname="test.com.tests.cleaningsessions.NegativeTests" time="0">
    <skipped/>
  </testcase>
  <testcase name="flushReporter" classname="test.com.tests.cleaningsessions.NegativeTests" time="0">
    <skipped/>
  </testcase>
  <testcase name="flushReporter" classname="test.com.tests.cleaningsessions.NegativeTests" time="0">
    <skipped/>
  </testcase>
  <testcase name="flushReporter" classname="test.com.tests.cleaningsessions.NegativeTests" time="0">
    <skipped/>
  </testcase>
  <testcase name="flushReporter" classname="test.com.tests.cleaningsessions.NegativeTests" time="0">
    <skipped/>
  </testcase>
  <testcase name="setReporter[org.testng.TestRunner@655595ef](0)" classname="test.com.tests.cleaningsessions.NegativeTests" time="0.012">
    <failure type="java.lang.NullPointerException"><![CDATA[java.lang.NullPointerException
]]></failure>
  </testcase>
  <testcase name="multi_roomDimensions[[Ljava.lang.String;@547ad232](1)" classname="test.com.tests.cleaningsessions.NegativeTests" time="0">
    <skipped/>
  </testcase>
  <testcase name="setReporter[org.testng.TestRunner@497a7c86](0)" classname="test.com.tests.cleaningsessions.NegativeTests" time="0.009">
    <failure type="java.lang.NullPointerException"><![CDATA[java.lang.NullPointerException
]]></failure>
  </testcase>
  <testcase name="position_Yaxis_GTRoom[[Ljava.lang.String;@78f9b080](1)" classname="test.com.tests.cleaningsessions.NegativeTests" time="0">
    <skipped/>
  </testcase>
  <testcase name="setReporter[org.testng.TestRunner@7ab681ed](0)" classname="test.com.tests.cleaningsessions.NegativeTests" time="0.011">
    <failure type="java.lang.NullPointerException"><![CDATA[java.lang.NullPointerException
]]></failure>
  </testcase>
  <testcase name="position_NegativeCoords[[Ljava.lang.String;@4b863ac4](1)" classname="test.com.tests.cleaningsessions.NegativeTests" time="0">
    <skipped/>
  </testcase>
  <testcase name="setReporter[org.testng.TestRunner@829e727](0)" classname="test.com.tests.cleaningsessions.NegativeTests" time="0.012">
    <failure type="java.lang.NullPointerException"><![CDATA[java.lang.NullPointerException
]]></failure>
  </testcase>
  <testcase name="invalid_PositionDataTypes[[Ljava.lang.String;@396ba9e1](1)" classname="test.com.tests.cleaningsessions.NegativeTests" time="0">
    <skipped/>
  </testcase>
  <testcase name="setReporter[org.testng.TestRunner@44c3c5ac](0)" classname="test.com.tests.cleaningsessions.NegativeTests" time="0.01">
    <failure type="java.lang.NullPointerException"><![CDATA[java.lang.NullPointerException
]]></failure>
  </testcase>
  <testcase name="robo_MultiplePositions[[Ljava.lang.String;@75cd25a3](1)" classname="test.com.tests.cleaningsessions.NegativeTests" time="0">
    <skipped/>
  </testcase>
  <testcase name="setReporter[org.testng.TestRunner@3c69e66f](0)" classname="test.com.tests.cleaningsessions.NegativeTests" time="0.01">
    <failure type="java.lang.NullPointerException"><![CDATA[java.lang.NullPointerException
]]></failure>
  </testcase>
  <testcase name="pathAtTopRightCornerOfRoom[[Ljava.lang.String;@d1fdcee](1)" classname="test.com.tests.cleaningsessions.NegativeTests" time="0">
    <skipped/>
  </testcase>
  <testcase name="setReporter[org.testng.TestRunner@105eb090](0)" classname="test.com.tests.cleaningsessions.NegativeTests" time="0.013">
    <failure type="java.lang.NullPointerException"><![CDATA[java.lang.NullPointerException
]]></failure>
  </testcase>
  <testcase name="robo_CannotClean_OutsideRoom[[Ljava.lang.String;@21840175](1)" classname="test.com.tests.cleaningsessions.NegativeTests" time="0">
    <skipped/>
  </testcase>
  <testcase name="setReporter[org.testng.TestRunner@42006732](0)" classname="test.com.tests.cleaningsessions.NegativeTests" time="0.009">
    <failure type="java.lang.NullPointerException"><![CDATA[java.lang.NullPointerException
]]></failure>
  </testcase>
  <testcase name="timeStamp_InvalidTest[[Ljava.lang.String;@7388c24c](1)" classname="test.com.tests.cleaningsessions.NegativeTests" time="0">
    <skipped/>
  </testcase>
</testsuite>