<?xml version="1.0" encoding="UTF-8"?>
<!-- Generated by org.testng.reporters.JUnitReportReporter -->
<testsuite skipped="0" hostname="LAPTOP-ROTMC3G5" name="test.com.tests.cleaningsessions.PositiveTests" tests="5" failures="0" timestamp="2021-09-15T21:21:01 BST" time="2.258" errors="0">
  <testcase name="repeatedPatchesTest" time="0.046" classname="test.com.tests.cleaningsessions.PositiveTests"/>
  <system-out/>
  <testcase name="decimalPatchesTest" time="0.050" classname="test.com.tests.cleaningsessions.PositiveTests"/>
  <system-out/>
  <testcase name="testRectangularRoom" time="0.051" classname="test.com.tests.cleaningsessions.PositiveTests"/>
  <system-out/>
  <testcase name="testRoboAtDecimalPosition" time="0.048" classname="test.com.tests.cleaningsessions.PositiveTests"/>
  <system-out/>
  <testcase name="testBaseCase" time="2.063" classname="test.com.tests.cleaningsessions.PositiveTests"/>
  <system-out/>
</testsuite> <!-- test.com.tests.cleaningsessions.PositiveTests -->
