<?xml version="1.0" encoding="UTF-8"?>
<!-- Generated by org.testng.reporters.JUnitReportReporter -->
<testsuite skipped="0" hostname="LAPTOP-ROTMC3G5" name="test.com.tests.cleaningsessions.NegativeTests" tests="9" failures="0" timestamp="2021-09-15T21:21:01 BST" time="0.183" errors="0">
  <testcase name="position_NegativeCoords" time="0.017" classname="test.com.tests.cleaningsessions.NegativeTests"/>
  <system-out/>
  <testcase name="invalid_PositionDataTypes" time="0.015" classname="test.com.tests.cleaningsessions.NegativeTests"/>
  <system-out/>
  <testcase name="timeStamp_InvalidTest" time="0.038" classname="test.com.tests.cleaningsessions.NegativeTests"/>
  <system-out/>
  <testcase name="pathAtTopRightCornerOfRoom" time="0.015" classname="test.com.tests.cleaningsessions.NegativeTests"/>
  <system-out/>
  <testcase name="robo_MultiplePositions" time="0.016" classname="test.com.tests.cleaningsessions.NegativeTests"/>
  <system-out/>
  <testcase name="robo_CannotClean_OutsideRoom" time="0.013" classname="test.com.tests.cleaningsessions.NegativeTests"/>
  <system-out/>
  <testcase name="negative_RoomSize" time="0.028" classname="test.com.tests.cleaningsessions.NegativeTests"/>
  <system-out/>
  <testcase name="multi_roomDimensions" time="0.016" classname="test.com.tests.cleaningsessions.NegativeTests"/>
  <system-out/>
  <testcase name="position_Yaxis_GTRoom" time="0.025" classname="test.com.tests.cleaningsessions.NegativeTests"/>
  <system-out/>
</testsuite> <!-- test.com.tests.cleaningsessions.NegativeTests -->
